c:\uni\soporte essi\gestiosessions\gestiosessions\x64\debug\vc143.pdb
c:\uni\soporte essi\gestiosessions\gestiosessions\x64\debug\form1.obj
c:\uni\soporte essi\gestiosessions\gestiosessions\x64\debug\cppclr_winformsproject.obj
c:\uni\soporte essi\gestiosessions\gestiosessions\x64\debug\assemblyinfo.obj
c:\uni\soporte essi\gestiosessions\gestiosessions\x64\debug\inici.obj
c:\uni\soporte essi\gestiosessions\gestiosessions\x64\debug\register.obj
c:\uni\soporte essi\gestiosessions\gestiosessions\x64\debug\txaltasessio.obj
c:\uni\soporte essi\gestiosessions\gestiosessions\x64\debug\sessio.obj
c:\uni\soporte essi\gestiosessions\gestiosessions\x64\debug\passarelasessio.obj
c:\uni\soporte essi\gestiosessions\gestiosessions\x64\debug\crearsessio.obj
c:\uni\soporte essi\gestiosessions\gestiosessions\x64\debug\database.obj
c:\uni\soporte essi\gestiosessions\gestiosessions\x64\debug\gestiosessions.pch
c:\uni\soporte essi\gestiosessions\gestiosessions\x64\debug\pch.obj
c:\uni\soporte essi\gestiosessions\gestiosessions\x64\debug\authsys.obj
c:\uni\soporte essi\gestiosessions\gestiosessions\x64\debug\.netframework,version=v4.7.2.assemblyattributes.obj
c:\uni\soporte essi\gestiosessions\x64\debug\mysql.data.dll
c:\uni\soporte essi\gestiosessions\x64\debug\system.memory.dll
c:\uni\soporte essi\gestiosessions\x64\debug\system.threading.tasks.extensions.dll
c:\uni\soporte essi\gestiosessions\x64\debug\system.numerics.vectors.dll
c:\uni\soporte essi\gestiosessions\x64\debug\system.buffers.dll
c:\uni\soporte essi\gestiosessions\x64\debug\gestiosessions.exe
c:\uni\soporte essi\gestiosessions\x64\debug\gestiosessions.pdb
c:\uni\soporte essi\gestiosessions\gestiosessions\x64\debug\app.res
c:\uni\soporte essi\gestiosessions\gestiosessions\x64\debug\gestiosessions.tlog\cl.command.1.tlog
c:\uni\soporte essi\gestiosessions\gestiosessions\x64\debug\gestiosessions.tlog\cl.items.tlog
c:\uni\soporte essi\gestiosessions\gestiosessions\x64\debug\gestiosessions.tlog\cl.read.1.tlog
c:\uni\soporte essi\gestiosessions\gestiosessions\x64\debug\gestiosessions.tlog\cl.write.1.tlog
c:\uni\soporte essi\gestiosessions\gestiosessions\x64\debug\gestiosessions.tlog\copylocal.read.1u.tlog
c:\uni\soporte essi\gestiosessions\gestiosessions\x64\debug\gestiosessions.tlog\copylocal.write.1u.tlog
c:\uni\soporte essi\gestiosessions\gestiosessions\x64\debug\gestiosessions.tlog\link.command.1.tlog
c:\uni\soporte essi\gestiosessions\gestiosessions\x64\debug\gestiosessions.tlog\link.read.1.tlog
c:\uni\soporte essi\gestiosessions\gestiosessions\x64\debug\gestiosessions.tlog\link.secondary.1.tlog
c:\uni\soporte essi\gestiosessions\gestiosessions\x64\debug\gestiosessions.tlog\link.write.1.tlog
c:\uni\soporte essi\gestiosessions\gestiosessions\x64\debug\gestiosessions.tlog\metagen.read.1.tlog
c:\uni\soporte essi\gestiosessions\gestiosessions\x64\debug\gestiosessions.tlog\metagen.write.1.tlog
c:\uni\soporte essi\gestiosessions\gestiosessions\x64\debug\gestiosessions.tlog\rc.command.1.tlog
c:\uni\soporte essi\gestiosessions\gestiosessions\x64\debug\gestiosessions.tlog\rc.read.1.tlog
c:\uni\soporte essi\gestiosessions\gestiosessions\x64\debug\gestiosessions.tlog\rc.write.1.tlog
c:\uni\soporte essi\gestiosessions\gestiosessions\x64\debug\gestiosessions.tlog\resgen.command.1.tlog
c:\uni\soporte essi\gestiosessions\gestiosessions\x64\debug\gestiosessions.tlog\resgen.read.1.tlog
c:\uni\soporte essi\gestiosessions\gestiosessions\x64\debug\gestiosessions.tlog\resgen.write.1.tlog
